<?xml version="1.0" encoding="UTF-8"?>
<!-- Generated by org.testng.reporters.JUnitReportReporter -->
<testsuite skipped="0" hostname="PC12032" name="PaymentE2E.BrowerMobProxyClass" tests="1" failures="0" timestamp="10 Jul 2017 00:52:18 GMT" time="40.860" errors="0">
  <testcase name="testHTTPRequestResponse" time="40.860" classname="PaymentE2E.BrowerMobProxyClass"/>
</testsuite> <!-- PaymentE2E.BrowerMobProxyClass -->
