<?xml version="1.0" encoding="UTF-8"?>
<!-- Generated by org.testng.reporters.JUnitReportReporter -->
<testsuite skipped="0" hostname="PC12032" name="PaymentE2E.HarveyNormanPayment" tests="1" failures="0" timestamp="04 Jul 2017 00:19:41 GMT" time="70.758" errors="0">
  <testcase name="testPaymentProcess" time="70.758" classname="PaymentE2E.HarveyNormanPayment"/>
</testsuite> <!-- PaymentE2E.HarveyNormanPayment -->
